█Getting uuid of QR code.
Downloading QR code.
                                                  ███████████████████████████████████████
█              ██            ████  ████  █  ███              █
█  █████  ██  █      ████████  ██  ████  █████  █
█  █      █  █      █  █      █    ██  ██  █    █  █      █  █
█  █      █  █  █      █    █  ██    ███        █  █      █  █
█  █      █  ██  ████  █  █  █        █    ███  █      █  █
█  █████  ███  ███    █  ██        ██  ███  █████  █
█              █  █  █  █  █  █  █  █  █  █  █  █              █
██████████  ████      ██  ████    █    █████████
████    █    █      ████  ██  ██    █████████    ███
██    █    █    █████      ███      ██  █      ██    █  ██
██            █          █          ██    ██  █        ██  ██  █
██      ███  ██    █  ██  ██  █  █  ██    █    ██    █  █
█  █      █        █  ███  █        ██████    █    █  █    █
████████              █            █      █        ██  █  ███
█████        █      ██    █  ██    █  █  █  █    █          █
█  ██      ██    ██  ████  ██  █    ███  █  ██        ██
████  ██      █  ██      ██  █        █  ██  █    ██  █  █
█        ███          ██    ███████      █  █  █  ███  ██
██    █  █  ██  ██  █    █    ██  ██  ██  ███  ██  █  █
█    █  ████    █████  █    █  ███    ███  ███  ████
████  █            ██  █    ██    █      █  █      █    ████
█  ██████        ██        ████  ██          ██    █  █  █
██    █  █    █  ███      ███      ██  ██  █    █  ███  █
█  █        █      █  ██      ██    ██    █      █    ██    ██
█  █  ██    ████      ████  █  █  ██    ██          ██  █
█      █████        ██  ██  █      ██  █        ██  ██  ██
█        █      █  ███  █  █  █    █  ██      ██      ██    █
█  █  █████████  ██      ███    █  █        ██      ███
█  ███  █            ██  █  ██    █    █  █            █████
█████████  ██    ██  █████  ███  ██  ███        ██
█              █          █      █  ████    ███  █  █      █  █
█  █████  ██    ██    █      ██  ███    █  ███    █  ██
█  █      █  █  ████    █      █████  ██            ██  ██
█  █      █  █  █  ██████          ████      █  ██  ████
█  █      █  ██  █        █    █  ██  █    ██  ██            █
█  █████  ███        ████  █    ████  ███  █  █      █
█              ██  ███    █    █    ███  ███  █  ██  ██  █
███████████████████████████████████████
Please scan the QR code to log in.
Please press confirm on your phone.
Loading the contact, this may take a little while.
[3J[H[2JLogin successfully as 苏月晟
Traceback (most recent call last):
  File "wx.py", line 3, in <module>
    bot.self.add()
  File "/usr/local/lib/python3.6/dist-packages/wxpy/api/chats/user.py", line 95, in add
    return self.bot.add_friend(user=self, verify_content=verify_content)
  File "/usr/local/lib/python3.6/dist-packages/wxpy/utils/misc.py", line 72, in wrapped
    smart_map(check_response_body, ret)
  File "/usr/local/lib/python3.6/dist-packages/wxpy/utils/misc.py", line 207, in smart_map
    return func(i, *args, **kwargs)
  File "/usr/local/lib/python3.6/dist-packages/wxpy/utils/misc.py", line 53, in check_response_body
    raise ResponseError(err_code=err_code, err_msg=err_msg)
wxpy.exceptions.ResponseError: err_code: 1; err_msg: 
█Getting uuid of QR code.
Downloading QR code.
                                                  ███████████████████████████████████████
█              ██      ██  █████████  █  ███              █
█  █████  ██  █    ██████  █████  ████  █████  █
█  █      █  █      █    █    █    █████  █    █  █      █  █
█  █      █  █  █  █    █  █  ████  ██        █  █      █  █
█  █      █  ██  ███  ██  █      ██  █    ███  █      █  █
█  █████  ███  ███    █  █          ██  ███  █████  █
█              █  █  █  █  █  █  █  █  █  █  █  █              █
██████████  ██  ██    ███    ██    █    █████████
████    █    █    ███  █  ██  ██      ████████    ███
██  █      █    █████    █  ██    ██    █            █    ██
██    ██    █          █  ██    ██    █    █        █      █  █
██  ███  █  █      █  ████    █  ████    █    █  █  █  █
█  ████              ███            ██████    █    ███    █
██████  █              ██          █  ███        ██  █  ███
███  ██      █      ██  █  ███    █  █  █  █    █          █
█  █        ██    ██  ██  █    █  █    ███  █  ██        ██
███      █          ██    ██████    ██  ██  █    ██  █  █
██      █  ██      ███    ███    ██      █  █  █  ███  ██
██    █  █        ██  ██  █    █████  ██  ███  ██  █  █
█  ██  █████  ██        █    █████    ███  ███  ████
██  █  █      █    ██        ██  █  █    █  █      █    ████
█    █████                    ██  ██  █    █    ██    █      █
██    █  █  █    ███      ██████  █  ██  ██  █  ███  █
██          █      ██  ██    ███  █      █        █  ██      █
█  █  ██    █████  █  ███        ███    ███    █  ██  █
█  ██    ███        ██  █    █        █  █      █  █    █  ██
█    █          ██  ██  █  █  █    █  ██      ██      █      █
█  ██  █████    █  ████    ██    █  █        ██      ███
█  ██  █          █  ██      █      █        █            █████
█████████  ██    ██  █    ██  █  █  ██  ███        ██
█              █    █    █    ██  ████  ████  █  █      █  █
█  █████  ███  ██      █  ███  █        █  ███    █  ██
█  █      █  █    ███        █  █  ███  ██            ██  ██
█  █      █  █  ██  █████  █    █████      █  ██  ████
█  █      █  ██  █      ██    ██  ███    ██  ██            █
█  █████  ███    ██████  ██    ███  ███  █  █      █
█              ██  █  █  ██    █        █  ███  █  ██  ██  █
███████████████████████████████████████
Please scan the QR code to log in.
Please press confirm on your phone.
Loading the contact, this may take a little while.
[3J[H[2JLogin successfully as 苏月晟
Traceback (most recent call last):
  File "wx.py", line 3, in <module>
    found=bot.friends.search("高明")[0]
AttributeError: 'function' object has no attribute 'search'
█Getting uuid of QR code.
Downloading QR code.
                                                  ███████████████████████████████████████
█              ██  █  █    ████  █  ██  █  ███              █
█  █████  ██  █    █  █████    ███  ████  █████  █
█  █      █  █      █  ██    █  ██  ███  █    █  █      █  █
█  █      █  █  █  ████  █  ███████        █  █      █  █
█  █      █  ██  █    █  █  █      █    █    ███  █      █  █
█  █████  ███    ███  █  ██        ██  ███  █████  █
█              █  █  █  █  █  █  █  █  █  █  █  █              █
██████████  ████      ██    █  █    █    █████████
████    █    █      ██  █  ████  █  █████████    ███
███    █  █    █████    ████    ███  █    █      █    ██
██  █  ██  █  █      █  █    ███    █    █            █  █  █
██  ███  █  ███  █  █████  █  █  ██  █        █    █  █
█  ██  █          █  ███    ██    ██████    █    █  █    █
█████    █    █        █    █      █      █        ██  █  ███
███████    ██    ██    █  ██    █  █  █  █    █          █
█  █    ████  ███  ████    █  █  ████  █  ██        ██
███    █      █  ███      ████      ██  ██  █    ██  █  █
█        █  █        ██      ████    █      █  █  █  ███  ██
█  █  █  █        █  ███  █        ███  ██  ███  ██  █  █
█  ██  ███      █    █    █          ██    ███  ███  ████
██  █  █    ██    ██  █    ███  █          █      █    ████
█    █████              █    ██        █    █    ██    █  ███
██    █  █        ███      ███        █  ██  █    █  ███  █
█  █        ██    ██  █      █████      █        █  ██      █
█  █  ██    ████    █████          ██    █  █  ██  ██  █
█  ██  ████  █    ███  ███      ██  █  █  █            ██
█      ██      ██  ██  ███  █    █  ██        █              █
█  ██  ████████  █████  ██    █  █    █  █        ███
█  ██                  ██    ██      █    █  █            █████
█████████  ██    ██  █████  ███  ██  ███        ██
█              █    █    █  █    █████  ████  █  █      █  █
█  █████  ██    ██      ██  ██  ███    █  ███    █  ██
█  █      █  █  █  █          ███████  ██            ██  ██
█  █      █  █  █  ██  ███    ██████        █  ██  ████
█  █      █  ██  ███    █    █  ██  █  █  █  ██            █
█  █████  ███  ███  ███    █  ████  ███  █  █      █
█              ██  ██  ███    ██    ██  ███  █  ██  ██  █
███████████████████████████████████████
Please scan the QR code to log in.
Please press confirm on your phone.
Loading the contact, this may take a little while.
[3J[H[2JLogin successfully as 苏月晟
█Getting uuid of QR code.
Downloading QR code.
Traceback (most recent call last):
  File "/usr/local/lib/python3.6/dist-packages/wxpy/api/bot.py", line 86, in __init__
    loginCallback=login_callback, exitCallback=logout_callback
  File "/usr/local/lib/python3.6/dist-packages/itchat/components/register.py", line 35, in auto_login
    loginCallback=loginCallback, exitCallback=exitCallback)
  File "/usr/local/lib/python3.6/dist-packages/itchat/components/login.py", line 44, in login
    picDir=picDir, qrCallback=qrCallback)
  File "/usr/local/lib/python3.6/dist-packages/itchat/components/login.py", line 117, in get_QR
    utils.print_qr(picDir)
  File "/usr/local/lib/python3.6/dist-packages/itchat/utils.py", line 83, in print_qr
    subprocess.call(['xdg-open', fileDir])
  File "/usr/lib/python3.6/subprocess.py", line 267, in call
    with Popen(*popenargs, **kwargs) as p:
  File "/usr/lib/python3.6/subprocess.py", line 709, in __init__
    restore_signals, start_new_session)
  File "/usr/lib/python3.6/subprocess.py", line 1344, in _execute_child
    raise child_exception_type(errno_num, err_msg, err_filename)
FileNotFoundError: [Errno 2] No such file or directory: 'xdg-open': 'xdg-open'

During handling of the above exception, another exception occurred:

Traceback (most recent call last):
  File "112102.py", line 4, in <module>
    bot=Bot()
  File "/usr/local/lib/python3.6/dist-packages/wxpy/api/bot.py", line 90, in __init__
    raise Exception('use `console_qr` arg while under pure console environment')
Exception: use `console_qr` arg while under pure console environment
█Getting uuid of QR code.
Downloading QR code.
                                                  ███████████████████████████████████████
█              ██  ██  █  ███    █  ██  █  ███              █
█  █████  ██  ██  █  ██████    ██  ████  █████  █
█  █      █  █      █          █  █    ███  █    █  █      █  █
█  █      █  █  █  ██  █  █  █        ██        █  █      █  █
█  █      █  ██  ████  █  █            █    ███  █      █  █
█  █████  ███    ███  █  █████  ██  ███  █████  █
█              █  █  █  █  █  █  █  █  █  █  █  █              █
██████████  ███        ████  ██    █    █████████
████    █    █      ██  █  ██  ██    █████████    ███
███  █    █      ████  █    ██    ███  █            █    ██
██  █    █  █    █    █      █  ██    ██  █        █  █  █  █
██      ███  ██    █  ██  █    █  █    █  █      █      █  █
█  █                █  ███  ██      ██████    █    █        █
███    █  █    █        █            █      █        ██  █  ███
███  █  █    ██    ██  █    ██    ██    █  █    █          █
█  █    █  ██      █  ██  ██  █  █      ██  █  ██        ██
███            ██  ██    ███  ██      █  ██  █    ██  █  █
██      ███      █          ██  ████      █  █  █  ███  ██
██    █  █    █  ██  █    █          ██  ██  ███  ██  █  █
██  █  ████    █  █  █  █      ██  █    ███  ███  ████
█    █  █      █    ██  █    █████      █  █      █    ████
█  ███████          ██    ██  █  ██          ██    █  ███
██    █  █  ██  █    █    ███  ██  █  ██  █    █  ███  █
█  █        ██    ██    █    ████        █            ██  ███
███    █      ███    █████  █      ██    █  █  █    ██  █
█  █  █  ███  █    ███    ██        █  █  █    ██  ██  ██
█    █    █    █████  ██    █    █  ██      ██      ██    █
█  ███    ██████  ████  ███    █  █  ██  ██      ███
█  █  ██          █  ██    ██      █    █  █            █  ███
█████████          ████    ██  █  █  ██  ███        ██
█              █    █    █          ████  ████  █  █      █  █
█  █████  ██    ██    ██████  ██      █  ███    █  ██
█  █      █  █  ███      █      █████  ██            ██  ██
█  █      █  █  █  ██  ███  █      ███        █  ██  ████
█  █      █  ██  ███    █    █      ██    ██  ██            █
█  █████  ███  ███████    █  ████  ███  █  █      █
█              ██  ██  █  █    ████  █  ███  █  ██  ██  █
███████████████████████████████████████
Please scan the QR code to log in.
Please press confirm on your phone.
Loading the contact, this may take a little while.
[3J[H[2JLogin successfully as 苏月晟
>>> Traceback (most recent call last):
  File "112102.py", line 48, in <module>
    embed()
  File "/usr/local/lib/python3.6/dist-packages/wxpy/utils/console.py", line 74, in embed
    _shell(local=local, banner=banner)
  File "/usr/local/lib/python3.6/dist-packages/wxpy/utils/console.py", line 43, in _python
    code.interact(local=local, banner=banner)
  File "/usr/lib/python3.6/code.py", line 302, in interact
    console.interact(banner, exitmsg)
  File "/usr/lib/python3.6/code.py", line 228, in interact
    line = self.raw_input(prompt)
  File "/usr/lib/python3.6/code.py", line 275, in raw_input
    return input(prompt)
OSError: [Errno 9] Bad file descriptor
█Getting uuid of QR code.
Downloading QR code.
                                                  ███████████████████████████████████████
█              ██  █        ███      ███  █  ███              █
█  █████  ██  ███    ████    ████  ████  █████  █
█  █      █  █          █      █      ████  █    █  █      █  █
█  █      █  █  █  ████  █  ███  ███        █  █      █  █
█  █      █  ██  ██      █  █      █    █    ███  █      █  █
█  █████  ███  ███    █  ██  █    ██  ███  █████  █
█              █  █  █  █  █  █  █  █  █  █  █  █              █
██████████  ███  █    ██  ████    █    █████████
████    █    █    ██  █████  █      █████████    ███
██████  █    █████    ████    ███  █      █    █    ██
██  ██      █          █  █      ██    █    █            █  █  █
██  █    ██  ██    █  ███      █  ██  █    █    █      █  █
█  ██  ██        █  ███████    ███  ██    █    ███    █
███        █    █        █    █      █      █        ██  █  ███
████    █    █  █  ██  █████    ███  █  █    █          █
█  ███    ██  ███  ██  ████  █    ███  █  ██        ██
████          █  ██      ██  ███    ██  ██  █    ██  █  █
██      ███        █        ████  ██      █  █  █  ███  ██
█  █  █  █  █    █  ██    █    ██  ██  ██  ███  ██  █  █
██  █  █████  ███  █  █    ███  █    ███  ███  ████
██  █  █      █        ██    ██  █  █    █  █      █    ████
████████  █      ██      ███  █  █          ██    █  ███
█  █  █  █  █    █      █  ██████  █  ██  █    █  ███  █
█  █        ███  ███  █    ██    █      █      ██  ██  ███
█      ██    █████  █  █  █        ███    █  █  █    ████
█          ███        ████    █      ██  █      █  █    █  ██
█    █          ██  ██  █████    █  ██      ██              █
█  ██  ██████  █  ██  ██  ██    █  █    █  ██      ███
█  █    ██      █    ██      █      █        █              ████
█████████  ██    ██  █████  ███  ██  ███        ██
█              █    █    █  ████████    ███  █  █      █  █
█  █████  ██████        █  ██  ███    █  ███    █  ██
█  █      █  █  █  █      █    ██████  ██            ██  ██
█  █      █  █  █    █████          ███        █  ██  ████
█  █      █  ██  ██████    █      ██    ██  ██            █
█  █████  ███          ███  ███  ███  ███  █  █      █
█              ██  █  ██  █    █    █  █  ███  █  ██  ██  █
███████████████████████████████████████
Please scan the QR code to log in.
Please press confirm on your phone.
Loading the contact, this may take a little while.
[3J[H[2JLogin successfully as 苏月晟
█Getting uuid of QR code.
Downloading QR code.
                                                  ███████████████████████████████████████
█              ██  █  █    ███      ███  █  ███              █
█  █████  ██  █  █████████████  ████  █████  █
█  █      █  █      █    █    █  █  ████  █    █  █      █  █
█  █      █  █  █  ██  █  █  ██  ████        █  █      █  █
█  █      █  ██  ██    ██  █        █  █    ███  █      █  █
█  █████  ███      █    █  █    ██  ██  ███  █████  █
█              █  █  █  █  █  █  █  █  █  █  █  █              █
██████████  █    ██    █████  █    █    █████████
████    █    █    ███  █  ████  █    ████████    ███
███    █  █    ██████  ████        █  █                  ██
██    █      █    █    █          ██    █    █        █      █  █
██  ███  █  █  █  █  ███      █  █    █  █        █    █  █
█  █    ██      ██  ████  ██    ██    ██    █    █  █    █
█████  ██              ██          █  ███        ██  █  ███
████    █    ██    ██    █    █    ██    █  █    █          █
█  █      ███    ██  ████  ██  █  █  ██  █  ██        ██
████  ██          █      ██████      █  ██  █    ██  █  █
██      █  █        ██      ██      ██      █  █  █  ███  ██
██    █  █        █  ██    █    █████  ██  ███  ██  █  █
██  █  ███      █  █      █    ███  █    ███  ███  ████
█    █  █                ██    ███              █      █    ████
██████████    ██        ██  ██  █          ██    █    ██
██    █  █  █    █  ███  ████████  ██  █    █  ██    █
█  █        ███  █  ██      ██    ██    █      ██  ██    ██
███    █      ████  █  ███  █  █  ██    ███  █    █    █
█  ██    ███        ███  █  █        █  █  █      █        ██
█    █          █  ███  █      █    █  ██      ██  █          █
█  ██  █  ███    █  ███  █  ██    █  █        ██      ███
█  ██            ██  ██      ██    █        █            █████
█████████  ██    █████  ██  ███  ██  ███        ██
█              █          █      ██████  ████  █  █      █  █
█  █████  ██████    █      ██  ██      █  ███    █  ██
█  █      █  █  ███          ██████    ██            ██  ██
█  █      █  █  █  █  ████      █  ███        █  ██  ████
█  █      █  ██  █  ████    █    █  █  █  █  ██            █
█  █████  ███  █      ███  ███  ███  ███  █  █      █
█              ██  ██    ██    █        ██  ██  █  ██  ██  █
███████████████████████████████████████
Please scan the QR code to log in.
Please press confirm on your phone.
Loading the contact, this may take a little while.
[3J[H[2JLogin successfully as 苏月晟
>>> Traceback (most recent call last):
  File "112102.py", line 50, in <module>
    embed()
  File "/usr/local/lib/python3.6/dist-packages/wxpy/utils/console.py", line 74, in embed
    _shell(local=local, banner=banner)
  File "/usr/local/lib/python3.6/dist-packages/wxpy/utils/console.py", line 43, in _python
    code.interact(local=local, banner=banner)
  File "/usr/lib/python3.6/code.py", line 302, in interact
    console.interact(banner, exitmsg)
  File "/usr/lib/python3.6/code.py", line 228, in interact
    line = self.raw_input(prompt)
  File "/usr/lib/python3.6/code.py", line 275, in raw_input
    return input(prompt)
OSError: [Errno 9] Bad file descriptor
█Getting uuid of QR code.
Downloading QR code.
                                                  ███████████████████████████████████████
█              ██  ████  ███  █  ███  █  ███              █
█  █████  ██  █    █  ██████  ███  ████  █████  █
█  █      █  █      █  █      █  █  ████  █    █  █      █  █
█  █      █  █  █  █    █  █  ██  ████        █  █      █  █
█  █      █  ██  █    █  █  █    █      █    ███  █      █  █
█  █████  ███  █  ██  █  █  ███  ██  ███  █████  █
█              █  █  █  █  █  █  █  █  █  █  █  █              █
██████████  ██  ██    ██      ██    █    █████████
████    █    █      ████  ██████    ████████    ███
██  █  █  █    ██████  █  ██      ██  █    ██    ██  ██
██        █  █          █  █    ███    █    █            ███  █
██  ███  █  █  █  █  █  █  █  █  █  ██  █        █    █  █
█  ██    █            ███  █  █    ██  ███    █    ███    █
███      ██      █      █  █        █  █  █        ██  █  ███
█████  █    ██    ██  █      █    ██    █  █    █          █
█  █  █    ██  █  █  █████  █  █  █  ██  █  ██        ██
████    █          █      ██  ███    ██  ██  █    ██  █  █
█        █  █      ████    ████  ██      █  █  █  ███  ██
██    █  █        █  █  █  █          ██  ██  ███  ██  █  █
████  ████    █    █    █      ██  █    ███  ███  ████
██  █  █      █    █  ██    ██████    ███      █    ████
█    ██████          ██    ██    ███    █    ██    █    ██
█      █  █  ██  ██  █    ███  ████  ██  █  ██  ███  █
█  █        █      ████      ██    █      █      ██  ██  █  █
███  ██      ████  █████          ██    █      ██  ██  █
█    ██████  █    ██    ███        █  █  █    █    █    ██
█      █  █    █████  █    ██    █  ██      ██      █      █
█  █        ██████  ██    █  ██    █  █    █  ██      ███
█  ██                  ██    ███    █        █                ███
█████████    █    ██  ██  ██  ███  ██  ███        ██
█              █  ██    █    ██  ████    ███  █  █      █  █
█  █████  ██    ██    █  █  ██  █  █    █  ███    █  ██
█  █      █  █    ███        █  █████  ██            ██  ██
█  █      █  █  ██      ███    █  █████      █  ██  ████
█  █      █  ██  █      ██    █      ██  ███  ██            █
█  █████  ███  █  █  ███    █    ███████  █  █      █
█              ██  ██  █  █    ██      █  ███  █  ██  ██  █
███████████████████████████████████████
Please scan the QR code to log in.
Please press confirm on your phone.
Loading the contact, this may take a little while.
[3J[H[2JLogin successfully as 苏月晟
